<?xml version="1.0" encoding="UTF-8"?>
<!-- Generated by org.testng.reporters.JUnitXMLReporter -->
<testsuite ignored="0" hostname="EC2AMAZ-2E4JU7F" failures="0" tests="5" name="test6" time="7467.348" errors="0" timestamp="12 Feb 2020 11:13:55 GMT">
  <testcase classname="com.thed.zapi.cloud.sample.SeleniumAmazonTest6" name="SeleniumAmazonUserTest" time="128.699">
    <skipped/>
  </testcase> <!-- SeleniumAmazonUserTest -->
  <testcase classname="com.thed.zapi.cloud.sample.SeleniumAmazonTest6" name="SeleniumAmazonUserTest" time="36.313">
    <skipped/>
  </testcase> <!-- SeleniumAmazonUserTest -->
  <testcase classname="com.thed.zapi.cloud.sample.SeleniumAmazonTest6" name="SeleniumAmazonUserTest" time="96.851">
    <skipped/>
  </testcase> <!-- SeleniumAmazonUserTest -->
  <testcase classname="com.thed.zapi.cloud.sample.SeleniumAmazonTest6" name="SeleniumAmazonUserTest" time="1575.76">
    <skipped/>
  </testcase> <!-- SeleniumAmazonUserTest -->
  <testcase classname="com.thed.zapi.cloud.sample.SeleniumAmazonTest6" name="SeleniumAmazonUserTest" time="5629.673"/>
</testsuite> <!-- test6 -->
