<?xml version="1.0" encoding="UTF-8"?>
<!-- Generated by org.testng.reporters.JUnitXMLReporter -->
<testsuite ignored="0" hostname="EC2AMAZ-2E4JU7F" failures="1" tests="10" name="test3" time="705.929" errors="0" timestamp="12 Feb 2020 17:19:52 GMT">
  <testcase classname="com.thed.zapi.cloud.sample.SeleniumAmazonTest3" name="SeleniumAmazonUserTest" time="220.922">
    <skipped/>
  </testcase> <!-- SeleniumAmazonUserTest -->
  <testcase classname="com.thed.zapi.cloud.sample.SeleniumAmazonTest3" name="SeleniumAmazonUserTest" time="37.7">
    <skipped/>
  </testcase> <!-- SeleniumAmazonUserTest -->
  <testcase classname="com.thed.zapi.cloud.sample.SeleniumAmazonTest3" name="SeleniumAmazonUserTest" time="35.369">
    <skipped/>
  </testcase> <!-- SeleniumAmazonUserTest -->
  <testcase classname="com.thed.zapi.cloud.sample.SeleniumAmazonTest3" name="SeleniumAmazonUserTest" time="29.955">
    <skipped/>
  </testcase> <!-- SeleniumAmazonUserTest -->
  <testcase classname="com.thed.zapi.cloud.sample.SeleniumAmazonTest3" name="SeleniumAmazonUserTest" time="27.522">
    <skipped/>
  </testcase> <!-- SeleniumAmazonUserTest -->
  <testcase classname="com.thed.zapi.cloud.sample.SeleniumAmazonTest3" name="SeleniumAmazonUserTest" time="115.823">
    <skipped/>
  </testcase> <!-- SeleniumAmazonUserTest -->
  <testcase classname="com.thed.zapi.cloud.sample.SeleniumAmazonTest3" name="SeleniumAmazonUserTest" time="31.317">
    <skipped/>
  </testcase> <!-- SeleniumAmazonUserTest -->
  <testcase classname="com.thed.zapi.cloud.sample.SeleniumAmazonTest3" name="SeleniumAmazonUserTest" time="110.225">
    <skipped/>
  </testcase> <!-- SeleniumAmazonUserTest -->
  <testcase classname="com.thed.zapi.cloud.sample.SeleniumAmazonTest3" name="SeleniumAmazonUserTest" time="70.168">
    <skipped/>
  </testcase> <!-- SeleniumAmazonUserTest -->
  <testcase classname="com.thed.zapi.cloud.sample.SeleniumAmazonTest3" name="SeleniumAmazonUserTest" time="26.868">
    <failure type="java.lang.NullPointerException">
      <![CDATA[java.lang.NullPointerException
at com.thed.zapi.cloud.sample.SeleniumAmazonTest3.seleniumUI(SeleniumAmazonTest3.java:208)
at com.thed.zapi.cloud.sample.SeleniumAmazonTest3.SeleniumAmazonUserTest(SeleniumAmazonTest3.java:53)
at java.base/java.util.concurrent.FutureTask.run(FutureTask.java:264)
at java.base/java.util.concurrent.ThreadPoolExecutor.runWorker(ThreadPoolExecutor.java:1128)
at java.base/java.util.concurrent.ThreadPoolExecutor$Worker.run(ThreadPoolExecutor.java:628)
at java.base/java.lang.Thread.run(Thread.java:830)
... Removed 16 stack frames]]>
    </failure>
  </testcase> <!-- SeleniumAmazonUserTest -->
</testsuite> <!-- test3 -->
